<?xml version="1.0" encoding="UTF-8"?>
<testng-results skipped="0" failed="0" ignored="2" total="4" passed="2">
  <reporter-output>
  </reporter-output>
  <suite name="Suite" duration-ms="21668" started-at="2020-12-19T09:30:42Z" finished-at="2020-12-19T09:31:04Z">
    <groups>
    </groups>
    <test name="Test" duration-ms="21668" started-at="2020-12-19T09:30:42Z" finished-at="2020-12-19T09:31:04Z">
      <class name="com.inetbanking.testCases.LoginTest">
        <test-method status="PASS" signature="setup()[pri:0, instance:com.inetbanking.testCases.LoginTest@7bb58ca3]" name="setup" is-config="true" duration-ms="4883" started-at="2020-12-19T09:30:42Z" finished-at="2020-12-19T09:30:47Z">
          <reporter-output>
          </reporter-output>
        </test-method> <!-- setup -->
        <test-method status="PASS" signature="loginTest()[pri:0, instance:com.inetbanking.testCases.LoginTest@7bb58ca3]" name="loginTest" duration-ms="10543" started-at="2020-12-19T09:30:47Z" finished-at="2020-12-19T09:30:57Z">
          <reporter-output>
          </reporter-output>
        </test-method> <!-- loginTest -->
        <test-method status="PASS" signature="tearDown()[pri:0, instance:com.inetbanking.testCases.LoginTest@7bb58ca3]" name="tearDown" is-config="true" duration-ms="969" started-at="2020-12-19T09:31:03Z" finished-at="2020-12-19T09:31:04Z">
          <reporter-output>
          </reporter-output>
        </test-method> <!-- tearDown -->
      </class> <!-- com.inetbanking.testCases.LoginTest -->
      <class name="com.inetbanking.testCases.AddNewCustomerTest">
        <test-method status="PASS" signature="addCustomerTest()[pri:0, instance:com.inetbanking.testCases.AddNewCustomerTest@c540f5a]" name="addCustomerTest" duration-ms="5244" started-at="2020-12-19T09:30:57Z" finished-at="2020-12-19T09:31:03Z">
          <reporter-output>
          </reporter-output>
        </test-method> <!-- addCustomerTest -->
      </class> <!-- com.inetbanking.testCases.AddNewCustomerTest -->
    </test> <!-- Test -->
  </suite> <!-- Suite -->
</testng-results>
