<?xml version="1.0" encoding="UTF-8"?>
<!-- Generated by org.testng.reporters.JUnitXMLReporter -->
<testsuite hostname="LAPTOP-7N9U184H" ignored="2" name="Test" tests="2" failures="0" timestamp="19 Dec 2020 09:31:04 GMT" time="21.668" errors="0">
  <testcase name="loginTest" time="10.543" classname="com.inetbanking.testCases.LoginTest"/>
  <testcase name="addCustomerTest" time="5.244" classname="com.inetbanking.testCases.AddNewCustomerTest"/>
  <testcase name="@AfterTest tearDown" time="0.0" classname="com.inetbanking.testCases.BaseClass">
    <ignored/>
  </testcase> <!-- @AfterTest tearDown -->
  <testcase name="@BeforeTest setup" time="0.0" classname="com.inetbanking.testCases.BaseClass">
    <ignored/>
  </testcase> <!-- @BeforeTest setup -->
</testsuite> <!-- Test -->
